#
# A fatal error has been detected by the Java Runtime Environment:
#
#  EXCEPTION_ACCESS_VIOLATION (0xc0000005) at pc=0x000000006e780d56, pid=2028, tid=10144
#
# JRE version: Java(TM) SE Runtime Environment (7.0_67-b01) (build 1.7.0_67-b01)
# Java VM: Java HotSpot(TM) 64-Bit Server VM (24.65-b04 mixed mode windows-amd64 compressed oops)
# Problematic frame:
# C  [jdwp.dll+0x20d56]
#
# Failed to write core dump. Minidumps are not enabled by default on client versions of Windows
#
# If you would like to submit a bug report, please visit:
#   http://bugreport.sun.com/bugreport/crash.jsp
# The crash happened outside the Java Virtual Machine in native code.
# See problematic frame for where to report the bug.
#

---------------  T H R E A D  ---------------

Current thread (0x0000000008b36800):  JavaThread "JDWP Command Reader" daemon [_thread_in_native, id=10144, stack(0x000000000a270000,0x000000000a370000)]

siginfo: ExceptionCode=0xc0000005, reading address 0x0000000000000000

Registers:
RAX=0x000000006e78f590, RBX=0x0000000008b36800, RCX=0x0000000000000000, RDX=0x0000000008b32470
RSP=0x000000000a36f390, RBP=0x000000006e789348, RSI=0x0000000008b32470, RDI=0x000000000b206420
R8 =0x0000000000000028, R9 =0x8101010101010100, R10=0x81010100fef900f8, R11=0x000000000b2066f0
R12=0x0000000008b1c760, R13=0x0000000008b1cb38, R14=0x0000000000000000, R15=0x000000006e789338
RIP=0x000000006e780d56, EFLAGS=0x0000000000010206

Top of Stack: (sp=0x000000000a36f390)
0x000000000a36f390:   00000000000000ca 000000006e789348
0x000000000a36f3a0:   0000000000000004 000000006e9b0535
0x000000000a36f3b0:   000000000b206420 000000006e77f770
0x000000000a36f3c0:   000000000a36f440 0000000000000053
0x000000000a36f3d0:   0000000008b1c750 000000006e95fc35
0x000000000a36f3e0:   000000000b206420 000000006e76ee32
0x000000000a36f3f0:   0000000008b36800 0000000008b1c750
0x000000000a36f400:   0000000008b1c750 000000006e96184b
0x000000000a36f410:   0000000008b36801 0000000001049180
0x000000000a36f420:   0000000008b36800 0000000008b26470
0x000000000a36f430:   0000000008b2dec0 000000006e8a7ccb
0x000000000a36f440:   0000079f00000000 0000000008020100
0x000000000a36f450:   000000000b015300 0000000008b36800
0x000000000a36f460:   0000000000000000 000000006e96ad3f
0x000000000a36f470:   0000000008b36800 00000000000003d8
0x000000000a36f480:   0000000008b2dec0 00000000000003d8 

Instructions: (pc=0x000000006e780d56)
0x000000006e780d36:   8b c8 e8 cf bb ff ff 84 c0 75 08 48 8b cb e8 57
0x000000006e780d46:   c6 ff ff 48 8b 05 88 ef 00 00 48 8b d6 48 8b 08
0x000000006e780d56:   48 8b 01 ff 90 00 01 00 00 8b c8 e8 62 ff ff ff
0x000000006e780d66:   8b f8 83 f8 34 74 bb 85 c0 74 61 8b c8 e8 60 e5 


Register to memory mapping:

RAX=0x000000006e78f590 is an unknown value
RBX=0x0000000008b36800 is a thread
RCX=0x0000000000000000 is an unknown value
RDX=0x0000000008b32470 is an unknown value
RSP=0x000000000a36f390 is pointing into the stack for thread: 0x0000000008b36800
RBP=0x000000006e789348 is an unknown value
RSI=0x0000000008b32470 is an unknown value
RDI=0x000000000b206420 is an unknown value
R8 =0x0000000000000028 is an unknown value
R9 =0x8101010101010100 is an unknown value
R10=0x81010100fef900f8 is an unknown value
R11=0x000000000b2066f0 is an unknown value
R12=0x0000000008b1c760 is an unknown value
R13=0x0000000008b1cb38 is an unknown value
R14=0x0000000000000000 is an unknown value
R15=0x000000006e789338 is an unknown value


Stack: [0x000000000a270000,0x000000000a370000],  sp=0x000000000a36f390,  free space=1020k
Native frames: (J=compiled Java code, j=interpreted, Vv=VM code, C=native code)
C  [jdwp.dll+0x20d56]


---------------  P R O C E S S  ---------------

Java Threads: ( => current thread )
  0x0000000008b55800 JavaThread "Service Thread" daemon [_thread_blocked, id=10684, stack(0x000000000a570000,0x000000000a670000)]
  0x0000000008b48000 JavaThread "C2 CompilerThread1" daemon [_thread_blocked, id=5116, stack(0x000000000a470000,0x000000000a570000)]
  0x0000000008b4b000 JavaThread "C2 CompilerThread0" daemon [_thread_blocked, id=11232, stack(0x000000000a370000,0x000000000a470000)]
=>0x0000000008b36800 JavaThread "JDWP Command Reader" daemon [_thread_in_native, id=10144, stack(0x000000000a270000,0x000000000a370000)]
  0x0000000008b33800 JavaThread "JDWP Event Helper Thread" daemon [_thread_blocked, id=6708, stack(0x000000000a170000,0x000000000a270000)]
  0x0000000008b2f000 JavaThread "JDWP Transport Listener: dt_socket" daemon [_thread_blocked, id=5384, stack(0x000000000a070000,0x000000000a170000)]
  0x0000000008b1e800 JavaThread "Attach Listener" daemon [_thread_blocked, id=10872, stack(0x0000000009f70000,0x000000000a070000)]
  0x0000000008b1b800 JavaThread "Signal Dispatcher" daemon [_thread_blocked, id=432, stack(0x0000000009e70000,0x0000000009f70000)]
  0x0000000008acf000 JavaThread "Finalizer" daemon [_thread_blocked, id=11192, stack(0x0000000009d70000,0x0000000009e70000)]
  0x0000000008ac5800 JavaThread "Reference Handler" daemon [_thread_blocked, id=3808, stack(0x0000000009c70000,0x0000000009d70000)]
  0x000000000104e000 JavaThread "main" [_thread_blocked, id=8984, stack(0x0000000002790000,0x0000000002890000)]

Other Threads:
  0x0000000008ac0000 VMThread [stack: 0x0000000009b70000,0x0000000009c70000] [id=8208]

VM state:at safepoint (normal execution)

VM Mutex/Monitor currently owned by a thread:  ([mutex/lock_event])
[0x000000000104c8c0] Threads_lock - owner thread: 0x0000000008ac0000

Heap
 PSYoungGen      total 143360K, used 4664K [0x00000000eb280000, 0x00000000f5280000, 0x0000000100000000)
  eden space 128512K, 3% used [0x00000000eb280000,0x00000000eb70e1c0,0x00000000f3000000)
  from space 14848K, 0% used [0x00000000f3000000,0x00000000f3000000,0x00000000f3e80000)
  to   space 16384K, 0% used [0x00000000f4280000,0x00000000f4280000,0x00000000f5280000)
 ParOldGen       total 42496K, used 23693K [0x00000000c1800000, 0x00000000c4180000, 0x00000000eb280000)
  object space 42496K, 55% used [0x00000000c1800000,0x00000000c2f236f8,0x00000000c4180000)
 PSPermGen       total 37376K, used 18528K [0x00000000bc600000, 0x00000000bea80000, 0x00000000c1800000)
  object space 37376K, 49% used [0x00000000bc600000,0x00000000bd818020,0x00000000bea80000)

Card table byte_map: [0x0000000005dd0000,0x0000000005ff0000] byte_map_base: 0x00000000057ed000

Polling page: 0x0000000001050000

Code Cache  [0x0000000002d10000, 0x0000000002f80000, 0x0000000005d10000)
 total_blobs=917 nmethods=617 adapters=259 free_code_cache=46782Kb largest_free_block=47852416

Compilation events (10 events):
Event: 11.355 Thread 0x0000000008b48000  646             java.util.regex.Pattern$Ctype::isSatisfiedBy (24 bytes)
Event: 11.355 Thread 0x0000000008b4b000  647             java.util.regex.ASCII::isType (15 bytes)
Event: 11.355 Thread 0x0000000008b4b000 nmethod 647 0x0000000002f4fe90 code [0x0000000002f4ffc0, 0x0000000002f50038]
Event: 11.355 Thread 0x0000000008b48000 nmethod 646 0x0000000002f4fc10 code [0x0000000002f4fd40, 0x0000000002f4fdd8]
Event: 11.355 Thread 0x0000000008b48000  648             java.util.regex.ASCII::getType (17 bytes)
Event: 11.356 Thread 0x0000000008b48000 nmethod 648 0x0000000002f4f9d0 code [0x0000000002f4fb00, 0x0000000002f4fb78]
Event: 11.401 Thread 0x0000000008b4b000  649             org.codehaus.plexus.util.SelectorUtils::match (534 bytes)
Event: 11.402 Thread 0x0000000008b48000  650  s          java.util.Vector::size (5 bytes)
Event: 11.403 Thread 0x0000000008b48000 nmethod 650 0x0000000002ec1ad0 code [0x0000000002ec1c00, 0x0000000002ec1e18]
Event: 11.427 Thread 0x0000000008b4b000 nmethod 649 0x0000000002e43190 code [0x0000000002e43340, 0x0000000002e44530]

GC Heap History (10 events):
Event: 4.384 GC heap before
{Heap before GC invocations=6 (full 0):
 PSYoungGen      total 35328K, used 35328K [0x00000000eb280000, 0x00000000efe80000, 0x0000000100000000)
  eden space 32768K, 100% used [0x00000000eb280000,0x00000000ed280000,0x00000000ed280000)
  from space 2560K, 100% used [0x00000000ed280000,0x00000000ed500000,0x00000000ed500000)
  to   space 6144K, 0% used [0x00000000ef880000,0x00000000ef880000,0x00000000efe80000)
 ParOldGen       total 42496K, used 7934K [0x00000000c1800000, 0x00000000c4180000, 0x00000000eb280000)
  object space 42496K, 18% used [0x00000000c1800000,0x00000000c1fbfb48,0x00000000c4180000)
 PSPermGen       total 21504K, used 12537K [0x00000000bc600000, 0x00000000bdb00000, 0x00000000c1800000)
  object space 21504K, 58% used [0x00000000bc600000,0x00000000bd23e730,0x00000000bdb00000)
Event: 4.391 GC heap after
Heap after GC invocations=6 (full 0):
 PSYoungGen      total 71680K, used 4528K [0x00000000eb280000, 0x00000000efe80000, 0x0000000100000000)
  eden space 65536K, 0% used [0x00000000eb280000,0x00000000eb280000,0x00000000ef280000)
  from space 6144K, 73% used [0x00000000ef880000,0x00000000efcec010,0x00000000efe80000)
  to   space 6144K, 0% used [0x00000000ef280000,0x00000000ef280000,0x00000000ef880000)
 ParOldGen       total 42496K, used 7934K [0x00000000c1800000, 0x00000000c4180000, 0x00000000eb280000)
  object space 42496K, 18% used [0x00000000c1800000,0x00000000c1fbfb48,0x00000000c4180000)
 PSPermGen       total 21504K, used 12537K [0x00000000bc600000, 0x00000000bdb00000, 0x00000000c1800000)
  object space 21504K, 58% used [0x00000000bc600000,0x00000000bd23e730,0x00000000bdb00000)
}
Event: 7.007 GC heap before
{Heap before GC invocations=7 (full 0):
 PSYoungGen      total 71680K, used 70064K [0x00000000eb280000, 0x00000000efe80000, 0x0000000100000000)
  eden space 65536K, 100% used [0x00000000eb280000,0x00000000ef280000,0x00000000ef280000)
  from space 6144K, 73% used [0x00000000ef880000,0x00000000efcec010,0x00000000efe80000)
  to   space 6144K, 0% used [0x00000000ef280000,0x00000000ef280000,0x00000000ef880000)
 ParOldGen       total 42496K, used 7934K [0x00000000c1800000, 0x00000000c4180000, 0x00000000eb280000)
  object space 42496K, 18% used [0x00000000c1800000,0x00000000c1fbfb48,0x00000000c4180000)
 PSPermGen       total 21504K, used 16721K [0x00000000bc600000, 0x00000000bdb00000, 0x00000000c1800000)
  object space 21504K, 77% used [0x00000000bc600000,0x00000000bd654648,0x00000000bdb00000)
Event: 7.025 GC heap after
Heap after GC invocations=7 (full 0):
 PSYoungGen      total 71680K, used 6127K [0x00000000eb280000, 0x00000000f4a80000, 0x0000000100000000)
  eden space 65536K, 0% used [0x00000000eb280000,0x00000000eb280000,0x00000000ef280000)
  from space 6144K, 99% used [0x00000000ef280000,0x00000000ef87bd50,0x00000000ef880000)
  to   space 12288K, 0% used [0x00000000f3e80000,0x00000000f3e80000,0x00000000f4a80000)
 ParOldGen       total 42496K, used 18356K [0x00000000c1800000, 0x00000000c4180000, 0x00000000eb280000)
  object space 42496K, 43% used [0x00000000c1800000,0x00000000c29ed240,0x00000000c4180000)
 PSPermGen       total 21504K, used 16721K [0x00000000bc600000, 0x00000000bdb00000, 0x00000000c1800000)
  object space 21504K, 77% used [0x00000000bc600000,0x00000000bd654648,0x00000000bdb00000)
}
Event: 9.246 GC heap before
{Heap before GC invocations=8 (full 0):
 PSYoungGen      total 71680K, used 71663K [0x00000000eb280000, 0x00000000f4a80000, 0x0000000100000000)
  eden space 65536K, 100% used [0x00000000eb280000,0x00000000ef280000,0x00000000ef280000)
  from space 6144K, 99% used [0x00000000ef280000,0x00000000ef87bd50,0x00000000ef880000)
  to   space 12288K, 0% used [0x00000000f3e80000,0x00000000f3e80000,0x00000000f4a80000)
 ParOldGen       total 42496K, used 18356K [0x00000000c1800000, 0x00000000c4180000, 0x00000000eb280000)
  object space 42496K, 43% used [0x00000000c1800000,0x00000000c29ed240,0x00000000c4180000)
 PSPermGen       total 21504K, used 17535K [0x00000000bc600000, 0x00000000bdb00000, 0x00000000c1800000)
  object space 21504K, 81% used [0x00000000bc600000,0x00000000bd71ff18,0x00000000bdb00000)
Event: 9.264 GC heap after
Heap after GC invocations=8 (full 0):
 PSYoungGen      total 140800K, used 12284K [0x00000000eb280000, 0x00000000f4f80000, 0x0000000100000000)
  eden space 128512K, 0% used [0x00000000eb280000,0x00000000eb280000,0x00000000f3000000)
  from space 12288K, 99% used [0x00000000f3e80000,0x00000000f4a7f1a0,0x00000000f4a80000)
  to   space 14848K, 0% used [0x00000000f3000000,0x00000000f3000000,0x00000000f3e80000)
 ParOldGen       total 42496K, used 20335K [0x00000000c1800000, 0x00000000c4180000, 0x00000000eb280000)
  object space 42496K, 47% used [0x00000000c1800000,0x00000000c2bdbfd0,0x00000000c4180000)
 PSPermGen       total 21504K, used 17535K [0x00000000bc600000, 0x00000000bdb00000, 0x00000000c1800000)
  object space 21504K, 81% used [0x00000000bc600000,0x00000000bd71ff18,0x00000000bdb00000)
}
Event: 11.510 GC heap before
{Heap before GC invocations=9 (full 0):
 PSYoungGen      total 140800K, used 57646K [0x00000000eb280000, 0x00000000f4f80000, 0x0000000100000000)
  eden space 128512K, 35% used [0x00000000eb280000,0x00000000edecc7b8,0x00000000f3000000)
  from space 12288K, 99% used [0x00000000f3e80000,0x00000000f4a7f1a0,0x00000000f4a80000)
  to   space 14848K, 0% used [0x00000000f3000000,0x00000000f3000000,0x00000000f3e80000)
 ParOldGen       total 42496K, used 20335K [0x00000000c1800000, 0x00000000c4180000, 0x00000000eb280000)
  object space 42496K, 47% used [0x00000000c1800000,0x00000000c2bdbfd0,0x00000000c4180000)
 PSPermGen       total 21504K, used 18552K [0x00000000bc600000, 0x00000000bdb00000, 0x00000000c1800000)
  object space 21504K, 86% used [0x00000000bc600000,0x00000000bd81e2b8,0x00000000bdb00000)
Event: 11.526 GC heap after
Heap after GC invocations=9 (full 0):
 PSYoungGen      total 143360K, used 12811K [0x00000000eb280000, 0x00000000f5280000, 0x0000000100000000)
  eden space 128512K, 0% used [0x00000000eb280000,0x00000000eb280000,0x00000000f3000000)
  from space 14848K, 86% used [0x00000000f3000000,0x00000000f3c82f20,0x00000000f3e80000)
  to   space 16384K, 0% used [0x00000000f4280000,0x00000000f4280000,0x00000000f5280000)
 ParOldGen       total 42496K, used 22487K [0x00000000c1800000, 0x00000000c4180000, 0x00000000eb280000)
  object space 42496K, 52% used [0x00000000c1800000,0x00000000c2df5fe0,0x00000000c4180000)
 PSPermGen       total 21504K, used 18552K [0x00000000bc600000, 0x00000000bdb00000, 0x00000000c1800000)
  object space 21504K, 86% used [0x00000000bc600000,0x00000000bd81e2b8,0x00000000bdb00000)
}
Event: 11.526 GC heap before
{Heap before GC invocations=10 (full 1):
 PSYoungGen      total 143360K, used 12811K [0x00000000eb280000, 0x00000000f5280000, 0x0000000100000000)
  eden space 128512K, 0% used [0x00000000eb280000,0x00000000eb280000,0x00000000f3000000)
  from space 14848K, 86% used [0x00000000f3000000,0x00000000f3c82f20,0x00000000f3e80000)
  to   space 16384K, 0% used [0x00000000f4280000,0x00000000f4280000,0x00000000f5280000)
 ParOldGen       total 42496K, used 22487K [0x00000000c1800000, 0x00000000c4180000, 0x00000000eb280000)
  object space 42496K, 52% used [0x00000000c1800000,0x00000000c2df5fe0,0x00000000c4180000)
 PSPermGen       total 21504K, used 18552K [0x00000000bc600000, 0x00000000bdb00000, 0x00000000c1800000)
  object space 21504K, 86% used [0x00000000bc600000,0x00000000bd81e2b8,0x00000000bdb00000)
Event: 11.713 GC heap after
Heap after GC invocations=10 (full 1):
 PSYoungGen      total 143360K, used 0K [0x00000000eb280000, 0x00000000f5280000, 0x0000000100000000)
  eden space 128512K, 0% used [0x00000000eb280000,0x00000000eb280000,0x00000000f3000000)
  from space 14848K, 0% used [0x00000000f3000000,0x00000000f3000000,0x00000000f3e80000)
  to   space 16384K, 0% used [0x00000000f4280000,0x00000000f4280000,0x00000000f5280000)
 ParOldGen       total 42496K, used 23693K [0x00000000c1800000, 0x00000000c4180000, 0x00000000eb280000)
  object space 42496K, 55% used [0x00000000c1800000,0x00000000c2f236f8,0x00000000c4180000)
 PSPermGen       total 37376K, used 18528K [0x00000000bc600000, 0x00000000bea80000, 0x00000000c1800000)
  object space 37376K, 49% used [0x00000000bc600000,0x00000000bd818020,0x00000000bea80000)
}

Deoptimization events (10 events):
Event: 8.605 Thread 0x000000000104e000 Uncommon trap: reason=unreached action=reinterpret pc=0x0000000002dc4e94 method=org.apache.maven.model.ConfigurationContainer.clone()Lorg/apache/maven/model/ConfigurationContainer; @ 37
Event: 10.963 Thread 0x000000000104e000 Uncommon trap: reason=bimorphic action=maybe_recompile pc=0x0000000002e9d5fc method=java.util.HashMap.putAll(Ljava/util/Map;)V @ 121
Event: 10.966 Thread 0x000000000104e000 Uncommon trap: reason=bimorphic action=maybe_recompile pc=0x0000000002e9d5fc method=java.util.HashMap.putAll(Ljava/util/Map;)V @ 121
Event: 11.363 Thread 0x000000000104e000 Uncommon trap: reason=unreached action=reinterpret pc=0x0000000002d8bddc method=org.apache.maven.model.PluginContainer.clone()Lorg/apache/maven/model/PluginContainer; @ 76
Event: 11.487 Thread 0x000000000104e000 Uncommon trap: reason=class_check action=maybe_recompile pc=0x0000000002e53208 method=java.util.Hashtable.get(Ljava/lang/Object;)Ljava/lang/Object; @ 46
Event: 11.487 Thread 0x000000000104e000 Uncommon trap: reason=class_check action=maybe_recompile pc=0x0000000002e53208 method=java.util.Hashtable.get(Ljava/lang/Object;)Ljava/lang/Object; @ 46
Event: 11.487 Thread 0x000000000104e000 Uncommon trap: reason=class_check action=maybe_recompile pc=0x0000000002e53208 method=java.util.Hashtable.get(Ljava/lang/Object;)Ljava/lang/Object; @ 46
Event: 11.488 Thread 0x000000000104e000 Uncommon trap: reason=class_check action=maybe_recompile pc=0x0000000002e53208 method=java.util.Hashtable.get(Ljava/lang/Object;)Ljava/lang/Object; @ 46
Event: 11.493 Thread 0x000000000104e000 Uncommon trap: reason=bimorphic action=maybe_recompile pc=0x0000000002e3416c method=java.util.regex.Pattern$CharProperty.match(Ljava/util/regex/Matcher;ILjava/lang/CharSequence;)Z @ 37
Event: 11.493 Thread 0x000000000104e000 Uncommon trap: reason=bimorphic action=maybe_recompile pc=0x0000000002e3416c method=java.util.regex.Pattern$CharProperty.match(Ljava/util/regex/Matcher;ILjava/lang/CharSequence;)Z @ 37

Internal exceptions (10 events):
Event: 11.429 Thread 0x000000000104e000 Threw 0x00000000edcd02f8 at C:\re\jdk7u67\1368\hotspot\src\share\vm\prims\jvm.cpp:1244
Event: 11.431 Thread 0x000000000104e000 Threw 0x00000000edcd3d90 at C:\re\jdk7u67\1368\hotspot\src\share\vm\prims\jvm.cpp:1244
Event: 11.458 Thread 0x000000000104e000 Threw 0x00000000edce5e60 at C:\re\jdk7u67\1368\hotspot\src\share\vm\prims\jvm.cpp:1244
Event: 11.458 Thread 0x000000000104e000 Threw 0x00000000edcef5a8 at C:\re\jdk7u67\1368\hotspot\src\share\vm\prims\jvm.cpp:1244
Event: 11.459 Thread 0x000000000104e000 Threw 0x00000000edcf2ac8 at C:\re\jdk7u67\1368\hotspot\src\share\vm\prims\jvm.cpp:1244
Event: 11.466 Thread 0x000000000104e000 Threw 0x00000000edd04b00 at C:\re\jdk7u67\1368\hotspot\src\share\vm\prims\jvm.cpp:1244
Event: 11.483 Thread 0x000000000104e000 Threw 0x00000000edd42bb0 at C:\re\jdk7u67\1368\hotspot\src\share\vm\prims\jvm.cpp:1244
Event: 11.484 Thread 0x000000000104e000 Threw 0x00000000edd45be8 at C:\re\jdk7u67\1368\hotspot\src\share\vm\prims\jvm.cpp:1244
Event: 11.485 Thread 0x000000000104e000 Threw 0x00000000edd4bfb0 at C:\re\jdk7u67\1368\hotspot\src\share\vm\prims\jvm.cpp:1244
Event: 11.485 Thread 0x000000000104e000 Threw 0x00000000edd51c10 at C:\re\jdk7u67\1368\hotspot\src\share\vm\prims\jvm.cpp:1244

Events (10 events):
Event: 11.720 Executing VM operation: RevokeBias done
Event: 11.720 Executing VM operation: RevokeBias
Event: 11.720 Executing VM operation: RevokeBias done
Event: 11.720 Executing VM operation: RevokeBias
Event: 11.720 Executing VM operation: RevokeBias done
Event: 11.720 Executing VM operation: RevokeBias
Event: 11.720 Executing VM operation: RevokeBias done
Event: 11.720 Executing VM operation: RevokeBias
Event: 11.729 Executing VM operation: RevokeBias done
Event: 11.729 Executing VM operation: RevokeBias


Dynamic libraries:
0x00007ff6a7a50000 - 0x00007ff6a7a83000 	D:\java\jdk1.7.0_67\bin\javaw.exe
0x00007fff8b120000 - 0x00007fff8b2f1000 	C:\WINDOWS\SYSTEM32\ntdll.dll
0x00007fff8b070000 - 0x00007fff8b11b000 	C:\WINDOWS\System32\KERNEL32.DLL
0x00007fff877a0000 - 0x00007fff879bd000 	C:\WINDOWS\System32\KERNELBASE.dll
0x00007fff8a980000 - 0x00007fff8aa22000 	C:\WINDOWS\System32\ADVAPI32.dll
0x00007fff89e10000 - 0x00007fff89eae000 	C:\WINDOWS\System32\msvcrt.dll
0x00007fff89da0000 - 0x00007fff89df9000 	C:\WINDOWS\System32\sechost.dll
0x00007fff88700000 - 0x00007fff88821000 	C:\WINDOWS\System32\RPCRT4.dll
0x00007fff8ac20000 - 0x00007fff8ad85000 	C:\WINDOWS\System32\USER32.dll
0x00007fff87780000 - 0x00007fff8779e000 	C:\WINDOWS\System32\win32u.dll
0x00007fff8aa30000 - 0x00007fff8aa64000 	C:\WINDOWS\System32\GDI32.dll
0x00007fff875f0000 - 0x00007fff87772000 	C:\WINDOWS\System32\gdi32full.dll
0x00007fff77d20000 - 0x00007fff77f99000 	C:\WINDOWS\WinSxS\amd64_microsoft.windows.common-controls_6595b64144ccf1df_6.0.14393.447_none_42191651c6827bb3\COMCTL32.dll
0x00007fff89f10000 - 0x00007fff8a1d7000 	C:\WINDOWS\System32\combase.dll
0x00007fff879c0000 - 0x00007fff87ab5000 	C:\WINDOWS\System32\ucrtbase.dll
0x00007fff884d0000 - 0x00007fff8853a000 	C:\WINDOWS\System32\bcryptPrimitives.dll
0x00007fff8a7e0000 - 0x00007fff8a80e000 	C:\WINDOWS\System32\IMM32.DLL
0x000000006efc0000 - 0x000000006f092000 	D:\java\jdk1.7.0_67\jre\bin\msvcr100.dll
0x000000006e7e0000 - 0x000000006efb2000 	D:\java\jdk1.7.0_67\jre\bin\server\jvm.dll
0x00007fff89e00000 - 0x00007fff89e08000 	C:\WINDOWS\System32\PSAPI.DLL
0x00007fff859d0000 - 0x00007fff859f3000 	C:\WINDOWS\SYSTEM32\WINMM.dll
0x00007fff6b060000 - 0x00007fff6b069000 	C:\WINDOWS\SYSTEM32\WSOCK32.dll
0x00007fff88690000 - 0x00007fff886fa000 	C:\WINDOWS\System32\WS2_32.dll
0x00007fff85530000 - 0x00007fff8555b000 	C:\WINDOWS\SYSTEM32\WINMMBASE.dll
0x00007fff87b20000 - 0x00007fff87b62000 	C:\WINDOWS\System32\cfgmgr32.dll
0x000000006e7d0000 - 0x000000006e7df000 	D:\java\jdk1.7.0_67\jre\bin\verify.dll
0x000000006e7a0000 - 0x000000006e7c8000 	D:\java\jdk1.7.0_67\jre\bin\java.dll
0x000000006e760000 - 0x000000006e795000 	D:\java\jdk1.7.0_67\jre\bin\jdwp.dll
0x000000006e750000 - 0x000000006e758000 	D:\java\jdk1.7.0_67\jre\bin\npt.dll
0x000000006e730000 - 0x000000006e745000 	D:\java\jdk1.7.0_67\jre\bin\zip.dll
0x000000006e720000 - 0x000000006e729000 	D:\java\jdk1.7.0_67\jre\bin\dt_socket.dll
0x00007fff77600000 - 0x00007fff77616000 	C:\WINDOWS\system32\napinsp.dll
0x00007fff77a60000 - 0x00007fff77a7a000 	C:\WINDOWS\system32\pnrpnsp.dll
0x00007fff84470000 - 0x00007fff84488000 	C:\WINDOWS\system32\NLAapi.dll
0x00007fff86d30000 - 0x00007fff86d8c000 	C:\WINDOWS\System32\mswsock.dll
0x00007fff86b00000 - 0x00007fff86ba0000 	C:\WINDOWS\SYSTEM32\DNSAPI.dll
0x00007fff8a610000 - 0x00007fff8a618000 	C:\WINDOWS\System32\NSI.dll
0x00007fff86ac0000 - 0x00007fff86af8000 	C:\WINDOWS\SYSTEM32\IPHLPAPI.DLL
0x00007fff77b20000 - 0x00007fff77b2e000 	C:\WINDOWS\System32\winrnr.dll
0x00007fff7d7e0000 - 0x00007fff7d84a000 	C:\WINDOWS\System32\fwpuclnt.dll
0x00007fff874a0000 - 0x00007fff874cb000 	C:\WINDOWS\SYSTEM32\bcrypt.dll
0x00007fff7d4d0000 - 0x00007fff7d4da000 	C:\Windows\System32\rasadhlp.dll
0x000000006e700000 - 0x000000006e719000 	D:\java\jdk1.7.0_67\jre\bin\net.dll
0x000000006e6e0000 - 0x000000006e6f1000 	D:\java\jdk1.7.0_67\jre\bin\nio.dll
0x00007fff7a690000 - 0x00007fff7a822000 	C:\WINDOWS\SYSTEM32\dbghelp.dll

VM Arguments:
jvm_args: -agentlib:jdwp=transport=dt_socket,suspend=y,address=localhost:53155 -Dmaven.home=D:\maven\apache-maven-3.0.5 -Dclassworlds.conf=D:\eclipse\workspace\.metadata\.plugins\org.eclipse.m2e.launching\launches\m2conf3373678666855945151.tmp -Dfile.encoding=UTF-8 
java_command: org.codehaus.plexus.classworlds.launcher.Launcher -B -X -e -Dmaven.test.skip=true -DskipTests -s D:\maven\settings.xml clean package
Launcher Type: SUN_STANDARD

Environment Variables:
JAVA_HOME=D:\java\
PATH=D:\java\jdk1.7.0_67\jre\bin;C:\WINDOWS\system32;C:\WINDOWS;C:\WINDOWS\System32\Wbem;C:\WINDOWS\System32\WindowsPowerShell\v1.0\;D:\java\\bin;E:\node\;C:\Program Files (x86)\MySQL\MySQL Server 5.5\bin;D:\maven\apache-maven-3.0.5\bin;C:\Program Files (x86)\ATI Technologies\ATI.ACE\Core-Static;E:\git\nvmw;D:\Cassandra\apache-cassandra-2.2.7\bin;C:\Python27\;C:\Users\Administrator\AppData\Roaming\npm;USERPROFILE\AppData\Local\Microsoft\WindowsApps;
USERNAME=Administrator
OS=Windows_NT
PROCESSOR_IDENTIFIER=Intel64 Family 6 Model 58 Stepping 9, GenuineIntel



---------------  S Y S T E M  ---------------

OS: Windows 8.1 , 64 bit Build 9600 

CPU:total 4 (2 cores per cpu, 2 threads per core) family 6 model 58 stepping 9, cmov, cx8, fxsr, mmx, sse, sse2, sse3, ssse3, sse4.1, sse4.2, popcnt, avx, aes, erms, ht, tsc, tscinvbit, tscinv

Memory: 4k page, physical 4094312k(1008324k free), swap 9861480k(5058656k free)

vm_info: Java HotSpot(TM) 64-Bit Server VM (24.65-b04) for windows-amd64 JRE (1.7.0_67-b01), built on Jul 25 2014 08:55:00 by "java_re" with unknown MS VC++:1600

time: Sun Dec 04 22:22:49 2016
elapsed time: 11 seconds

